log started: Thu Mar  4 14:27:23 2021

Log file: ./leap.log
>> #
>> # ----- leaprc for loading the ff14SB force field
>> # ----- NOTE: this is designed for PDB format 3!
>> #
>> #	load atom type hybridizations
>> #
>> addAtomTypes {
>> 	{ "H"   "H" "sp3" }
>> 	{ "HO"  "H" "sp3" }
>> 	{ "HS"  "H" "sp3" }
>> 	{ "H1"  "H" "sp3" }
>> 	{ "H2"  "H" "sp3" }
>> 	{ "H3"  "H" "sp3" }
>> 	{ "H4"  "H" "sp3" }
>> 	{ "H5"  "H" "sp3" }
>> 	{ "HW"  "H" "sp3" }
>> 	{ "HC"  "H" "sp3" }
>> 	{ "HA"  "H" "sp3" }
>> 	{ "HP"  "H" "sp3" }
>> 	{ "HZ"  "H" "sp3" }
>> 	{ "OH"  "O" "sp3" }
>> 	{ "OS"  "O" "sp3" }
>> 	{ "O"   "O" "sp2" }
>> 	{ "O2"  "O" "sp2" }
>> 	{ "OP"  "O" "sp2" }
>> 	{ "OW"  "O" "sp3" }
>> 	{ "CT"  "C" "sp3" }
>> 	{ "CX"  "C" "sp3" }
>> 	{ "C8"  "C" "sp3" }
>> 	{ "2C"  "C" "sp3" }
>> 	{ "3C"  "C" "sp3" }
>> 	{ "CH"  "C" "sp3" }
>> 	{ "CS"  "C" "sp2" }
>> 	{ "C"   "C" "sp2" }
>> 	{ "CO"   "C" "sp2" }
>> 	{ "C*"  "C" "sp2" }
>> 	{ "CA"  "C" "sp2" }
>> 	{ "CB"  "C" "sp2" }
>> 	{ "CC"  "C" "sp2" }
>> 	{ "CN"  "C" "sp2" }
>> 	{ "CM"  "C" "sp2" }
>> 	{ "CK"  "C" "sp2" }
>> 	{ "CQ"  "C" "sp2" }
>> 	{ "CD"  "C" "sp2" }
>> 	{ "C5"  "C" "sp2" }
>> 	{ "C4"  "C" "sp2" }
>> 	{ "CP"  "C" "sp2" }
>> 	{ "CI"  "C" "sp3" }
>> 	{ "CJ"  "C" "sp2" }
>> 	{ "CW"  "C" "sp2" }
>> 	{ "CV"  "C" "sp2" }
>> 	{ "CR"  "C" "sp2" }
>> 	{ "CA"  "C" "sp2" }
>> 	{ "CY"  "C" "sp2" }
>> 	{ "C0"  "Ca" "sp3" }
>> 	{ "MG"  "Mg" "sp3" }
>> 	{ "N"   "N" "sp2" }
>> 	{ "NA"  "N" "sp2" }
>> 	{ "N2"  "N" "sp2" }
>> 	{ "N*"  "N" "sp2" }
>> 	{ "NP"  "N" "sp2" }
>> 	{ "NQ"  "N" "sp2" }
>> 	{ "NB"  "N" "sp2" }
>> 	{ "NC"  "N" "sp2" }
>> 	{ "NT"  "N" "sp3" }
>> 	{ "NY"  "N" "sp2" }
>> 	{ "N3"  "N" "sp3" }
>> 	{ "S"   "S" "sp3" }
>> 	{ "SH"  "S" "sp3" }
>> 	{ "P"   "P" "sp3" }
>> 	{ "LP"  ""  "sp3" }
>> 	{ "EP"  ""  "sp3" }
>> 	{ "F"   "F" "sp3" }
>> 	{ "Cl"  "Cl" "sp3" }
>> 	{ "Br"  "Br" "sp3" }
>> 	{ "I"   "I"  "sp3" }
>> }
>> #
>> #	Load the main parameter set.
>> #
>> parm10 = loadamberparams parm10.dat
Loading parameters: /home/zhangi/miniconda3/envs/ambertools20_new/dat/leap/parm/parm10.dat
Reading title:
PARM99 + frcmod.ff99SB + frcmod.parmbsc0 + OL3 for RNA
>> frcmod14SB = loadamberparams frcmod.ff14SB
Loading parameters: /home/zhangi/miniconda3/envs/ambertools20_new/dat/leap/parm/frcmod.ff14SB
Reading force field modification type file (frcmod)
Reading title:
ff14SB protein backbone and sidechain parameters
>> #
>> #	Load main chain and terminating amino acid libraries
>> #
>> loadOff amino12.lib
Loading library: /home/zhangi/miniconda3/envs/ambertools20_new/dat/leap/lib/amino12.lib
Loading: ALA
Loading: ARG
Loading: ASH
Loading: ASN
Loading: ASP
Loading: CYM
Loading: CYS
Loading: CYX
Loading: GLH
Loading: GLN
Loading: GLU
Loading: GLY
Loading: HID
Loading: HIE
Loading: HIP
Loading: HYP
Loading: ILE
Loading: LEU
Loading: LYN
Loading: LYS
Loading: MET
Loading: PHE
Loading: PRO
Loading: SER
Loading: THR
Loading: TRP
Loading: TYR
Loading: VAL
>> loadOff aminoct12.lib
Loading library: /home/zhangi/miniconda3/envs/ambertools20_new/dat/leap/lib/aminoct12.lib
Loading: CALA
Loading: CARG
Loading: CASN
Loading: CASP
Loading: CCYS
Loading: CCYX
Loading: CGLN
Loading: CGLU
Loading: CGLY
Loading: CHID
Loading: CHIE
Loading: CHIP
Loading: CHYP
Loading: CILE
Loading: CLEU
Loading: CLYS
Loading: CMET
Loading: CPHE
Loading: CPRO
Loading: CSER
Loading: CTHR
Loading: CTRP
Loading: CTYR
Loading: CVAL
Loading: NHE
Loading: NME
>> loadOff aminont12.lib
Loading library: /home/zhangi/miniconda3/envs/ambertools20_new/dat/leap/lib/aminont12.lib
Loading: ACE
Loading: NALA
Loading: NARG
Loading: NASN
Loading: NASP
Loading: NCYS
Loading: NCYX
Loading: NGLN
Loading: NGLU
Loading: NGLY
Loading: NHID
Loading: NHIE
Loading: NHIP
Loading: NILE
Loading: NLEU
Loading: NLYS
Loading: NMET
Loading: NPHE
Loading: NPRO
Loading: NSER
Loading: NTHR
Loading: NTRP
Loading: NTYR
Loading: NVAL
>> 
>> #
>> #	Define the PDB name map for the amino acids
>> #
>> addPdbResMap {
>>   { 0 "HYP" "HYP" } { 1 "HYP" "CHYP" }
>>   { 0 "ALA" "NALA" } { 1 "ALA" "CALA" }
>>   { 0 "ARG" "NARG" } { 1 "ARG" "CARG" }
>>   { 0 "ASN" "NASN" } { 1 "ASN" "CASN" }
>>   { 0 "ASP" "NASP" } { 1 "ASP" "CASP" }
>>   { 0 "CYS" "NCYS" } { 1 "CYS" "CCYS" }
>>   { 0 "CYX" "NCYX" } { 1 "CYX" "CCYX" }
>>   { 0 "GLN" "NGLN" } { 1 "GLN" "CGLN" }
>>   { 0 "GLU" "NGLU" } { 1 "GLU" "CGLU" }
>>   { 0 "GLY" "NGLY" } { 1 "GLY" "CGLY" }
>>   { 0 "HID" "NHID" } { 1 "HID" "CHID" }
>>   { 0 "HIE" "NHIE" } { 1 "HIE" "CHIE" }
>>   { 0 "HIP" "NHIP" } { 1 "HIP" "CHIP" }
>>   { 0 "ILE" "NILE" } { 1 "ILE" "CILE" }
>>   { 0 "LEU" "NLEU" } { 1 "LEU" "CLEU" }
>>   { 0 "LYS" "NLYS" } { 1 "LYS" "CLYS" }
>>   { 0 "MET" "NMET" } { 1 "MET" "CMET" }
>>   { 0 "PHE" "NPHE" } { 1 "PHE" "CPHE" }
>>   { 0 "PRO" "NPRO" } { 1 "PRO" "CPRO" }
>>   { 0 "SER" "NSER" } { 1 "SER" "CSER" }
>>   { 0 "THR" "NTHR" } { 1 "THR" "CTHR" }
>>   { 0 "TRP" "NTRP" } { 1 "TRP" "CTRP" }
>>   { 0 "TYR" "NTYR" } { 1 "TYR" "CTYR" }
>>   { 0 "VAL" "NVAL" } { 1 "VAL" "CVAL" }
>>   { 0 "HIS" "NHIS" } { 1 "HIS" "CHIS" }
>> }
Substituting map 0HYP -> HYP  for  0HYP -> NHYP
Substituting map 1HYP -> CHYP  for  1HYP -> CHYP
>> 
>> #
>> # assume that most often proteins use HIE
>> #
>> NHIS = NHIE
>> HIS = HIE
>> CHIS = CHIE
> 
> source leaprc.water.tip3p #  Source leaprc file for TIP3P water model (and ions)
----- Source: /home/zhangi/miniconda3/envs/ambertools20_new/dat/leap/cmd/leaprc.water.tip3p
----- Source of /home/zhangi/miniconda3/envs/ambertools20_new/dat/leap/cmd/leaprc.water.tip3p done
>> #
>> #       Load water and ions for TIP3P + Li/Merz monovalent ions 
>> #       + Joung-Chetham monovalent ions
>> #       + Li/Merz highly charged ions (+2 to +4, 12-6 normal usage set)
>> #
>> #       Note: the Li/Merz monovalent set is loaded only to get Tl+,
>> #          Cu+, Ag+ NH4+, H3O+.  Since we load Joung-Cheatham second,
>> #          the alkali halide parameters come from the Joung-Cheatham set
>> #
>> addAtomTypes {
>> 	{ "HW"  "H" "sp3" }
>> 	{ "OW"  "O" "sp3" }
>> 	{ "F-"   "F" "sp3" }
>> 	{ "Cl-"  "Cl" "sp3" }
>> 	{ "Br-"  "Br" "sp3" }
>> 	{ "I-"   "I"  "sp3" }
>> 	{ "Li+"  "Li"  "sp3" }
>> 	{ "Na+"  "Na"  "sp3" }
>> 	{ "K+"  "K"  "sp3" }
>> 	{ "Rb+"  "Rb"  "sp3" }
>> 	{ "Cs+"  "Cs"  "sp3" }
>> 	{ "Mg+"  "Mg"  "sp3" }
>>     { "Tl+"  "Tl"  "sp3" }
>>     { "Cu+"  "Cu"  "sp3" }
>>     { "Ag+"  "Ag"  "sp3" }
>>     { "NH4+"  "N"  "sp3" }
>>     { "H3O+"  "O"  "sp3" }
>>     { "Be2+" "Be"  "sp3" }
>>     { "Cu2+" "Cu"  "sp3" }
>>     { "Ni2+" "Ni"  "sp3" }
>>     { "Pt2+" "Pt"  "sp3" }
>>     { "Zn2+" "Zn"  "sp3" }
>>     { "Co2+" "Co"  "sp3" }
>>     { "Pd2+" "Pd"  "sp3" }
>>     { "Ag2+" "Ag"  "sp3" }
>>     { "Cr2+" "Cr"  "sp3" }
>>     { "Fe2+" "Fe"  "sp3" }
>>     { "Mg2+" "Mg"  "sp3" }
>>     { "V2+"  "V"   "sp3" }
>>     { "Mn2+" "Mn"  "sp3" }
>>     { "Hg2+" "Hg"  "sp3" }
>>     { "Cd2+" "Cd"  "sp3" }
>>     { "Yb2+" "Yb"  "sp3" }
>>     { "Ca2+" "Ca"  "sp3" }
>>     { "Sn2+" "Sn"  "sp3" }
>>     { "Pb2+" "Pb"  "sp3" }
>>     { "Eu2+" "Eu"  "sp3" }
>>     { "Sr2+" "Sr"  "sp3" }
>>     { "Sm2+" "Sm"  "sp3" }
>>     { "Ba2+" "Ba"  "sp3" }
>>     { "Ra2+" "Ra"  "sp3" }
>>     { "Al3+" "Al"  "sp3" }
>>     { "Fe3+" "Fe"  "sp3" }
>>     { "Cr3+" "Cr"  "sp3" }
>>     { "In3+" "In"  "sp3" }
>>     { "Tl3+" "Tl"  "sp3" }
>>     { "Y3+"  "Y"   "sp3" }
>>     { "La3+" "La"  "sp3" }
>>     { "Ce3+" "Ce"  "sp3" }
>>     { "Pr3+" "Pr"  "sp3" }
>>     { "Nd3+" "Nd"  "sp3" }
>>     { "Sm3+" "Sm"  "sp3" }
>>     { "Eu3+" "Eu"  "sp3" }
>>     { "Gd3+" "Gd"  "sp3" }
>>     { "Tb3+" "Tb"  "sp3" }
>>     { "Dy3+" "Dy"  "sp3" }
>>     { "Er3+" "Er"  "sp3" }
>>     { "Tm3+" "Tm"  "sp3" }
>>     { "Lu3+" "Lu"  "sp3" }
>>     { "Hf4+" "Hf"  "sp3" }
>>     { "Zr4+" "Zr"  "sp3" }
>>     { "Ce4+" "Ce"  "sp3" }
>>     { "U4+"  "U"   "sp3" }
>>     { "Pu4+" "Pu"  "sp3" }
>>     { "Th4+" "Th"  "sp3" }
>> }
>> loadOff atomic_ions.lib
Loading library: /home/zhangi/miniconda3/envs/ambertools20_new/dat/leap/lib/atomic_ions.lib
Loading: AG
Loading: AL
Loading: Ag
Loading: BA
Loading: BR
Loading: Be
Loading: CA
Loading: CD
Loading: CE
Loading: CL
Loading: CO
Loading: CR
Loading: CS
Loading: CU
Loading: CU1
Loading: Ce
Loading: Cl-
Loading: Cr
Loading: Dy
Loading: EU
Loading: EU3
Loading: Er
Loading: F
Loading: FE
Loading: FE2
Loading: GD3
Loading: H3O+
Loading: HE+
Loading: HG
Loading: HZ+
Loading: Hf
Loading: IN
Loading: IOD
Loading: K
Loading: K+
Loading: LA
Loading: LI
Loading: LU
Loading: MG
Loading: MN
Loading: NA
Loading: NH4
Loading: NI
Loading: Na+
Loading: Nd
Loading: PB
Loading: PD
Loading: PR
Loading: PT
Loading: Pu
Loading: RB
Loading: Ra
Loading: SM
Loading: SR
Loading: Sm
Loading: Sn
Loading: TB
Loading: TL
Loading: Th
Loading: Tl
Loading: Tm
Loading: U4+
Loading: V2+
Loading: Y
Loading: YB2
Loading: ZN
Loading: Zr
>> loadOff solvents.lib
Loading library: /home/zhangi/miniconda3/envs/ambertools20_new/dat/leap/lib/solvents.lib
Loading: CHCL3BOX
Loading: DC4
Loading: FB3
Loading: FB3BOX
Loading: FB4
Loading: FB4BOX
Loading: MEOHBOX
Loading: NMABOX
Loading: OP3
Loading: OPC
Loading: OPC3BOX
Loading: OPCBOX
Loading: PL3
Loading: POL3BOX
Loading: QSPCFWBOX
Loading: SPC
Loading: SPCBOX
Loading: SPCFWBOX
Loading: SPF
Loading: SPG
Loading: T4E
Loading: TIP3PBOX
Loading: TIP3PFBOX
Loading: TIP4PBOX
Loading: TIP4PEWBOX
Loading: TIP5PBOX
Loading: TP3
Loading: TP4
Loading: TP5
Loading: TPF
>> HOH = TP3
>> WAT = TP3
>> loadAmberParams frcmod.tip3p
Loading parameters: /home/zhangi/miniconda3/envs/ambertools20_new/dat/leap/parm/frcmod.tip3p
Reading force field modification type file (frcmod)
Reading title:
This is the additional/replacement parameter set for TIP3P water
>> loadAmberParams frcmod.ions1lm_126_tip3p
Loading parameters: /home/zhangi/miniconda3/envs/ambertools20_new/dat/leap/parm/frcmod.ions1lm_126_tip3p
Reading force field modification type file (frcmod)
Reading title:
Li/Merz ion parameters of monovalent ions for TIP3P water model (12-6 normal usage set)
>> loadAmberParams frcmod.ionsjc_tip3p
Loading parameters: /home/zhangi/miniconda3/envs/ambertools20_new/dat/leap/parm/frcmod.ionsjc_tip3p
Reading force field modification type file (frcmod)
Reading title:
Monovalent ion parameters for Ewald and TIP3P water from Joung & Cheatham JPCB (2008)
>> loadAmberParams frcmod.ions234lm_126_tip3p
Loading parameters: /home/zhangi/miniconda3/envs/ambertools20_new/dat/leap/parm/frcmod.ions234lm_126_tip3p
Reading force field modification type file (frcmod)
Reading title:
Li/Merz ion parameters of divalent to tetravalent ions for TIP3P water model (12-6 normal usage set)
>> 
> 
> 
> ######### RBD #########
> 
> mol1 = loadpdb ../../PDBs/7jx3_rbd_renumbered_final.pdb #  Load PDB file fo RBD + glycan
Loading PDB file: ../../PDBs/7jx3_rbd_renumbered_final.pdb
Matching PDB residue names to LEaP variables.
Starting new chain with TP3
Starting new chain with TP3
Starting new chain with TP3
Starting new chain with TP3
Starting new chain with TP3
Starting new chain with TP3
Starting new chain with TP3
Starting new chain with TP3
Starting new chain with TP3
Starting new chain with TP3
Starting new chain with TP3
Starting new chain with TP3
Starting new chain with TP3
  total atoms in file: 1709
  Leap added 1645 missing atoms according to residue templates:
       1645 H / lone pairs
> 
> #  Add disulphide bridges
> 
> bond mol1.336.SG mol1.361.SG
> bond mol1.379.SG mol1.432.SG
> bond mol1.391.SG mol1.525.SG
> bond mol1.480.SG mol1.488.SG
> 
> #  N343 glycans
> 
> bond mol1.343.ND2 mol1.531.C1 #  Bond N343 to GlcNAc
> bond mol1.531.O6 mol1.540.C1
> bond mol1.531.O4 mol1.532.C1
> bond mol1.532.O4 mol1.533.C1
> bond mol1.533.O6 mol1.534.C1
> bond mol1.534.O2 mol1.535.C1
> bond mol1.535.O4 mol1.536.C1
> bond mol1.533.O3 mol1.537.C1
> bond mol1.537.O2 mol1.538.C1
> bond mol1.538.O4 mol1.539.C1
> 
> ######### S309 #########
> mol2 = loadpdb ../../PDBs/7jx3_s309_A_final.pdb 
Loading PDB file: ../../PDBs/7jx3_s309_A_final.pdb
Matching PDB residue names to LEaP variables.
Mapped residue GLN, term: Terminal/beginning, seq. number: 0 to: NGLN.
Starting new chain with TP3
Starting new chain with TP3
Starting new chain with TP3
Starting new chain with TP3
Starting new chain with TP3
Starting new chain with TP3
Starting new chain with TP3
Starting new chain with TP3
Starting new chain with TP3
Starting new chain with TP3
Starting new chain with TP3
Starting new chain with TP3
Starting new chain with TP3
Starting new chain with TP3
Starting new chain with TP3
Starting new chain with TP3
  total atoms in file: 1734
  Leap added 1711 missing atoms according to residue templates:
       1711 H / lone pairs
> mol3 = loadpdb ../../PDBs/7jx3_s309_B_final.pdb
Loading PDB file: ../../PDBs/7jx3_s309_B_final.pdb
Matching PDB residue names to LEaP variables.
Mapped residue GLU, term: Terminal/beginning, seq. number: 0 to: NGLU.
Starting new chain with TP3
Starting new chain with TP3
Starting new chain with TP3
Starting new chain with TP3
Starting new chain with TP3
Starting new chain with TP3
Starting new chain with TP3
Starting new chain with TP3
Starting new chain with TP3
Starting new chain with TP3
Starting new chain with TP3
Starting new chain with TP3
Starting new chain with TP3
Starting new chain with TP3
Starting new chain with TP3
Starting new chain with TP3
Starting new chain with TP3
Starting new chain with TP3
Starting new chain with TP3
Starting new chain with TP3
Starting new chain with TP3
  total atoms in file: 1648
  Leap added 1630 missing atoms according to residue templates:
       1630 H / lone pairs
> 
> # Add disulphide bridges
> 
> bond mol2.22.SG mol2.96.SG
> bond mol2.154.SG mol2.210.SG
> 
> bond mol3.23.SG mol3.89.SG
> bond mol3.134.SG mol3.194.SG
> 
> ### Combine systems to make complex
> 
> complex = combine {mol1 mol2 mol3}
  Sequence: default_name
  Sequence: default_name
  Sequence: default_name
> 
> # Solvate the system and add ions
> 
> solvateoct complex TIP3PBOX 22
Scaling up box by a factor of 1.414565 to meet diagonal cut criterion
  Solute vdw bounding box:              63.204 64.491 113.699
  Total bounding box for atom centers:  175.940 175.940 175.940
      (box expansion for 'iso' is  94.7%)
  Solvent unit box:                     18.774 18.774 18.774
The number of boxes:  x=10  y=10  z=10
  Volume: 2769778.406 A^3 (oct)
  Total mass 1563164.996 amu,  Density 0.937 g/cc
  Added 82743 residues.
> charge complex # Determine what the charge is
Total unperturbed charge:  12.000000
Total perturbed charge:    12.000000
> addionsrand complex Na+ 224 Cl- 236 #  Randomly replace waters with ions, waters = 82796, totalCharge = 12, see README for how No. ions chosen
Adding 460 counter ions to "complex". 82336 solvent molecules will remain.
0: Placed Na+ in complex at (-9.91, -45.92, 43.23).
Placed Cl- in complex at (9.31, -70.69, 7.73).
0: Placed Na+ in complex at (43.16, -10.67, -3.44).
Placed Cl- in complex at (-1.55, 77.98, -9.54).
0: Placed Na+ in complex at (48.55, 7.34, -8.64).
Placed Cl- in complex at (-60.31, 34.66, 7.75).
0: Placed Na+ in complex at (-47.84, -48.84, 0.67).
Placed Cl- in complex at (-51.78, -65.52, -30.53).
0: Placed Na+ in complex at (24.63, -16.80, 27.76).
Placed Cl- in complex at (21.58, 5.31, 13.45).
0: Placed Na+ in complex at (35.64, -47.66, 9.62).
Placed Cl- in complex at (21.95, 60.82, -21.58).
0: Placed Na+ in complex at (17.19, -48.84, 53.78).
Placed Cl- in complex at (15.36, 63.98, 31.22).
0: Placed Na+ in complex at (17.05, -48.79, 12.58).
Placed Cl- in complex at (-2.96, 27.68, -26.58).
0: Placed Na+ in complex at (52.66, -30.02, 29.36).
Placed Cl- in complex at (17.98, -13.34, 31.01).
0: Placed Na+ in complex at (17.13, -18.90, 65.82).
Placed Cl- in complex at (17.64, 6.67, 42.23).
0: Placed Na+ in complex at (24.57, -31.44, -22.09).
Placed Cl- in complex at (38.46, 8.36, -35.54).
0: Placed Na+ in complex at (-3.70, 13.88, -30.75).
Placed Cl- in complex at (-2.35, 17.68, -19.71).
0: Placed Na+ in complex at (-32.25, 7.17, -61.41).
Placed Cl- in complex at (-6.16, 48.14, -0.63).
0: Placed Na+ in complex at (15.56, 49.98, 7.75).
Placed Cl- in complex at (-29.51, 7.87, 21.52).
0: Placed Na+ in complex at (72.53, -34.82, -28.01).
Placed Cl- in complex at (-27.69, -57.40, -21.67).
0: Placed Na+ in complex at (34.24, -7.96, -61.06).
Placed Cl- in complex at (38.32, -26.56, -6.96).
0: Placed Na+ in complex at (6.17, -48.71, -24.15).
Placed Cl- in complex at (-69.16, 32.75, 33.73).
0: Placed Na+ in complex at (61.16, 29.80, -12.03).
Placed Cl- in complex at (-39.26, 11.30, -1.54).
0: Placed Na+ in complex at (-58.83, -41.13, 25.86).
Placed Cl- in complex at (5.78, -61.59, -16.69).
0: Placed Na+ in complex at (-25.72, -31.65, -24.15).
Placed Cl- in complex at (-38.23, 0.68, -56.13).
0: Placed Na+ in complex at (-33.02, -21.95, -48.40).
Placed Cl- in complex at (68.16, -1.67, -16.93).
0: Placed Na+ in complex at (71.84, -8.66, 15.68).
Placed Cl- in complex at (9.28, -67.65, 30.29).
0: Placed Na+ in complex at (6.59, 66.24, -18.99).
Placed Cl- in complex at (67.93, -39.11, -8.82).
0: Placed Na+ in complex at (-16.21, 71.71, -3.11).
Placed Cl- in complex at (-11.85, 12.72, 76.58).
0: Placed Na+ in complex at (-25.72, -54.65, -37.42).
Placed Cl- in complex at (-62.87, -57.17, 24.93).
0: Placed Na+ in complex at (9.81, -50.54, 61.45).
Placed Cl- in complex at (-21.04, 9.97, 53.38).
0: Placed Na+ in complex at (44.38, 14.65, -28.42).
Placed Cl- in complex at (-47.42, -53.73, -9.85).
0: Placed Na+ in complex at (-28.58, 0.74, 22.28).
Placed Cl- in complex at (-3.85, 44.85, 16.00).
0: Placed Na+ in complex at (42.10, -42.74, 11.06).
Placed Cl- in complex at (23.67, -67.13, -46.11).
0: Placed Na+ in complex at (-19.69, 32.51, 20.27).
Placed Cl- in complex at (34.78, -28.10, 62.40).
0: Placed Na+ in complex at (54.00, 27.65, 36.38).
Placed Cl- in complex at (-51.66, -45.48, 19.24).
0: Placed Na+ in complex at (-36.39, 6.80, -25.31).
Placed Cl- in complex at (23.67, 47.83, -6.28).
0: Placed Na+ in complex at (10.10, 51.80, 21.20).
Placed Cl- in complex at (6.69, -52.30, -55.62).
0: Placed Na+ in complex at (63.64, -30.65, -31.35).
Placed Cl- in complex at (74.76, 6.65, -9.90).
0: Placed Na+ in complex at (-39.26, 34.29, 38.28).
Placed Cl- in complex at (-3.85, -1.14, -37.10).
0: Placed Na+ in complex at (59.31, -5.08, 3.40).
Placed Cl- in complex at (-26.74, -61.59, 36.42).
0: Placed Na+ in complex at (8.60, -12.75, 49.41).
Placed Cl- in complex at (-30.19, -80.54, 19.34).
0: Placed Na+ in complex at (61.59, 49.48, 26.35).
Placed Cl- in complex at (58.62, 18.22, -13.52).
0: Placed Na+ in complex at (41.83, -24.70, -71.93).
Placed Cl- in complex at (-54.92, 38.57, -31.19).
0: Placed Na+ in complex at (-28.01, 5.12, 5.65).
Placed Cl- in complex at (4.36, 10.31, 37.69).
0: Placed Na+ in complex at (53.91, -51.55, -7.66).
Placed Cl- in complex at (-0.74, -55.50, -5.35).
0: Placed Na+ in complex at (61.76, 52.71, -6.96).
Placed Cl- in complex at (34.60, 0.33, -6.74).
0: Placed Na+ in complex at (-11.75, 13.59, 86.93).
Placed Cl- in complex at (-26.31, 50.85, -27.24).
0: Placed Na+ in complex at (6.97, -46.85, 14.52).
Placed Cl- in complex at (11.55, 21.00, -54.43).
0: Placed Na+ in complex at (-23.07, -15.32, -57.90).
Placed Cl- in complex at (48.94, -47.31, 15.26).
0: Placed Na+ in complex at (8.93, 22.55, 39.75).
Placed Cl- in complex at (-36.22, 36.87, 62.18).
0: Placed Na+ in complex at (-6.88, -9.01, 38.71).
Placed Cl- in complex at (-52.54, 10.62, 3.50).
0: Placed Na+ in complex at (68.31, 41.29, 17.00).
Placed Cl- in complex at (14.33, 13.69, 31.90).
0: Placed Na+ in complex at (-16.48, -84.64, 17.92).
Placed Cl- in complex at (20.77, -32.40, 60.38).
0: Placed Na+ in complex at (-38.24, 38.16, -12.12).
Placed Cl- in complex at (62.38, 48.99, -36.46).
0: Placed Na+ in complex at (-3.70, 13.88, -57.30).
Placed Cl- in complex at (58.73, 22.52, 13.65).
0: Placed Na+ in complex at (-31.37, 3.48, -48.19).
Placed Cl- in complex at (-33.15, -55.73, -46.62).
0: Placed Na+ in complex at (65.41, -6.33, 24.05).
Placed Cl- in complex at (32.38, -42.09, 70.59).
0: Placed Na+ in complex at (-63.33, -36.48, 29.07).
Placed Cl- in complex at (15.28, 18.52, -6.51).
0: Placed Na+ in complex at (-14.66, 7.94, -31.81).
Placed Cl- in complex at (-44.83, 5.86, 36.51).
0: Placed Na+ in complex at (-38.84, -65.62, 30.65).
Placed Cl- in complex at (34.42, -64.04, 49.75).
0: Placed Na+ in complex at (-69.07, 44.99, -24.15).
Placed Cl- in complex at (-0.51, -69.25, -53.10).
0: Placed Na+ in complex at (-67.51, 13.62, 42.31).
Placed Cl- in complex at (18.14, -12.71, 75.98).
0: Placed Na+ in complex at (-41.70, -20.04, 30.05).
Placed Cl- in complex at (-32.30, -26.29, 29.27).
0: Placed Na+ in complex at (-5.32, -63.40, -0.91).
Placed Cl- in complex at (9.23, -28.18, 36.87).
0: Placed Na+ in complex at (63.92, 22.11, -50.39).
Placed Cl- in complex at (37.63, 56.24, 29.95).
0: Placed Na+ in complex at (70.81, 30.38, -43.24).
Placed Cl- in complex at (-4.67, 73.92, -50.70).
0: Placed Na+ in complex at (66.18, -9.24, -16.44).
Placed Cl- in complex at (11.11, 45.49, 58.07).
0: Placed Na+ in complex at (-9.12, 68.69, -34.51).
Placed Cl- in complex at (69.09, -8.06, -1.42).
0: Placed Na+ in complex at (65.24, 22.27, -10.54).
Placed Cl- in complex at (34.18, -4.71, -23.05).
0: Placed Na+ in complex at (-3.70, 76.05, -8.99).
Placed Cl- in complex at (51.67, 10.27, 20.96).
0: Placed Na+ in complex at (17.01, 75.18, -4.40).
Placed Cl- in complex at (-19.98, 50.83, -6.11).
0: Placed Na+ in complex at (16.30, -43.26, -16.38).
Placed Cl- in complex at (-25.83, 39.68, -29.07).
0: Placed Na+ in complex at (21.90, 4.36, 55.83).
Placed Cl- in complex at (-40.15, -62.09, 13.52).
0: Placed Na+ in complex at (-55.32, 60.43, 42.54).
Placed Cl- in complex at (22.16, -5.22, 59.24).
0: Placed Na+ in complex at (-67.99, -18.30, -26.58).
Placed Cl- in complex at (-14.95, -62.41, 12.19).
0: Placed Na+ in complex at (31.40, -46.87, -10.56).
Placed Cl- in complex at (-56.67, 5.96, -24.07).
0: Placed Na+ in complex at (61.74, -36.56, 28.01).
Placed Cl- in complex at (42.72, 51.58, -20.07).
0: Placed Na+ in complex at (-43.99, -71.06, 33.03).
Placed Cl- in complex at (-37.19, 21.53, 35.43).
0: Placed Na+ in complex at (25.15, -41.40, -19.70).
Placed Cl- in complex at (26.21, 22.52, 40.20).
0: Placed Na+ in complex at (5.34, -51.50, -33.15).
Placed Cl- in complex at (-14.69, -85.45, 2.73).
0: Placed Na+ in complex at (33.34, -44.54, 10.90).
Placed Cl- in complex at (-20.66, 18.66, 55.22).
0: Placed Na+ in complex at (43.99, -36.02, 53.38).
Placed Cl- in complex at (16.36, 59.24, -0.91).
0: Placed Na+ in complex at (49.65, 27.09, -13.83).
Placed Cl- in complex at (0.42, 11.91, -23.00).
0: Placed Na+ in complex at (-10.46, 47.32, -15.77).
Placed Cl- in complex at (-43.09, -8.16, -34.86).
0: Placed Na+ in complex at (-61.66, 0.45, -1.07).
Placed Cl- in complex at (-32.29, -6.34, -66.00).
0: Placed Na+ in complex at (-44.97, 24.44, 29.54).
Placed Cl- in complex at (-47.42, 38.25, 16.70).
0: Placed Na+ in complex at (39.21, -52.30, -2.52).
Placed Cl- in complex at (36.75, -60.37, 41.37).
0: Placed Na+ in complex at (-31.50, -42.66, -50.99).
Placed Cl- in complex at (-12.85, -4.57, -44.51).
0: Placed Na+ in complex at (11.48, 32.96, 66.66).
Placed Cl- in complex at (1.85, -25.34, -43.81).
0: Placed Na+ in complex at (46.55, 22.63, -2.26).
Placed Cl- in complex at (15.36, 11.03, -22.45).
0: Placed Na+ in complex at (-23.71, -81.40, -12.68).
Placed Cl- in complex at (-43.09, 30.23, 5.73).
0: Placed Na+ in complex at (48.11, -2.61, -44.42).
Placed Cl- in complex at (56.10, 12.60, -56.46).
0: Placed Na+ in complex at (26.56, -30.69, -30.15).
Placed Cl- in complex at (6.56, -55.96, 19.01).
0: Placed Na+ in complex at (16.01, -51.18, -23.97).
Placed Cl- in complex at (-14.29, 34.15, -0.20).
0: Placed Na+ in complex at (-17.91, 19.59, 28.47).
Placed Cl- in complex at (-10.63, 52.93, 42.56).
0: Placed Na+ in complex at (6.69, 16.68, -42.35).
Placed Cl- in complex at (-35.80, -39.27, 46.14).
0: Placed Na+ in complex at (-5.46, -39.52, -31.75).
Placed Cl- in complex at (-33.41, -6.18, 70.93).
0: Placed Na+ in complex at (46.26, 7.47, 42.49).
Placed Cl- in complex at (-59.86, 25.47, -50.52).
0: Placed Na+ in complex at (42.57, -56.55, 20.39).
Placed Cl- in complex at (-8.87, -66.82, 19.88).
0: Placed Na+ in complex at (-33.18, -29.46, 19.04).
Placed Cl- in complex at (-38.02, 48.14, 33.22).
0: Placed Na+ in complex at (4.21, -76.30, -17.19).
Placed Cl- in complex at (-73.33, -30.15, -7.31).
0: Placed Na+ in complex at (-29.20, 25.03, 0.53).
Placed Cl- in complex at (-63.43, -42.12, -33.55).
0: Placed Na+ in complex at (-11.99, 34.35, 24.93).
Placed Cl- in complex at (63.01, 18.24, 0.60).
0: Placed Na+ in complex at (23.38, -25.81, -32.66).
Placed Cl- in complex at (68.51, 19.91, -46.25).
0: Placed Na+ in complex at (-29.62, -62.10, -22.09).
Placed Cl- in complex at (-33.41, -52.16, 17.83).
0: Placed Na+ in complex at (13.16, -42.22, 59.17).
Placed Cl- in complex at (39.54, 61.60, 8.02).
0: Placed Na+ in complex at (-1.15, 3.69, 24.93).
Placed Cl- in complex at (-4.67, -41.05, 42.23).
0: Placed Na+ in complex at (27.49, 4.10, -6.96).
Placed Cl- in complex at (39.08, -55.96, 45.56).
0: Placed Na+ in complex at (-52.21, 48.17, -41.13).
Placed Cl- in complex at (43.16, -16.78, 37.23).
0: Placed Na+ in complex at (13.00, 12.35, -45.84).
Placed Cl- in complex at (4.42, -75.53, 42.40).
0: Placed Na+ in complex at (30.82, -15.93, 37.96).
Placed Cl- in complex at (-32.57, 6.59, -22.89).
0: Placed Na+ in complex at (36.72, 61.67, 9.36).
Placed Cl- in complex at (-31.78, -38.41, 38.92).
0: Placed Na+ in complex at (-13.06, 4.26, -64.02).
Placed Cl- in complex at (49.16, -34.22, 59.42).
0: Placed Na+ in complex at (35.24, 23.92, 48.90).
Placed Cl- in complex at (73.22, -50.65, -23.19).
0: Placed Na+ in complex at (28.03, -10.51, -65.70).
Placed Cl- in complex at (22.60, -45.92, -36.42).
0: Placed Na+ in complex at (-68.33, 32.42, -11.82).
Placed Cl- in complex at (17.98, 9.65, -35.37).
0: Placed Na+ in complex at (-70.46, -6.62, -47.04).
Placed Cl- in complex at (7.28, -57.86, -50.04).
0: Placed Na+ in complex at (41.66, -46.59, -41.70).
Placed Cl- in complex at (0.71, 51.66, -1.33).
0: Placed Na+ in complex at (-46.89, -58.70, -30.23).
Placed Cl- in complex at (-54.39, 12.32, -16.72).
0: Placed Na+ in complex at (39.80, 11.12, -63.32).
Placed Cl- in complex at (0.49, -35.88, 59.24).
0: Placed Na+ in complex at (34.49, -28.49, -46.50).
Placed Cl- in complex at (15.51, -36.17, -67.01).
0: Placed Na+ in complex at (-3.28, 6.72, 46.14).
Placed Cl- in complex at (9.56, 19.60, 32.22).
0: Placed Na+ in complex at (32.78, 22.56, 45.56).
Placed Cl- in complex at (3.94, 67.34, -23.87).
0: Placed Na+ in complex at (40.08, -23.94, 72.69).
Placed Cl- in complex at (-22.93, -65.73, 24.34).
0: Placed Na+ in complex at (52.66, -7.03, 16.08).
Placed Cl- in complex at (-38.47, 15.30, -3.60).
0: Placed Na+ in complex at (75.37, -6.62, 31.25).
Placed Cl- in complex at (56.33, 44.62, 40.24).
0: Placed Na+ in complex at (-8.91, -24.23, -47.55).
Placed Cl- in complex at (45.68, -42.22, 59.17).
0: Placed Na+ in complex at (-29.31, 22.22, 53.35).
Placed Cl- in complex at (10.12, 38.57, 48.46).
0: Placed Na+ in complex at (-30.82, -33.48, 60.27).
Placed Cl- in complex at (-68.48, -42.50, 26.35).
0: Placed Na+ in complex at (41.24, -52.79, -11.47).
Placed Cl- in complex at (-24.48, 10.71, 6.27).
0: Placed Na+ in complex at (54.46, -54.15, 44.80).
Placed Cl- in complex at (-10.11, -76.74, -27.46).
0: Placed Na+ in complex at (37.98, 33.38, -16.38).
Placed Cl- in complex at (-24.20, 17.93, 7.68).
0: Placed Na+ in complex at (-0.72, 3.00, -66.11).
Placed Cl- in complex at (-8.26, -13.94, -46.85).
0: Placed Na+ in complex at (-68.57, 9.14, -40.89).
Placed Cl- in complex at (31.49, 49.10, 48.18).
0: Placed Na+ in complex at (-24.20, -5.06, 47.51).
Placed Cl- in complex at (-14.99, -36.97, -55.62).
0: Placed Na+ in complex at (40.01, 28.40, 5.48).
Placed Cl- in complex at (-16.51, 17.80, 68.96).
0: Placed Na+ in complex at (-72.39, -16.97, 5.35).
Placed Cl- in complex at (-7.46, -14.88, -27.62).
0: Placed Na+ in complex at (-22.83, 19.02, -28.17).
Placed Cl- in complex at (-23.92, -35.74, -16.97).
0: Placed Na+ in complex at (61.34, 7.07, 4.28).
Placed Cl- in complex at (75.33, 23.86, 34.73).
0: Placed Na+ in complex at (-22.56, -1.54, -38.95).
Placed Cl- in complex at (-14.04, 65.95, 6.89).
0: Placed Na+ in complex at (-43.64, -5.56, 45.45).
Placed Cl- in complex at (27.26, -8.99, 55.08).
0: Placed Na+ in complex at (-63.05, 40.17, -46.11).
Placed Cl- in complex at (-48.25, -68.29, -8.99).
0: Placed Na+ in complex at (-72.63, 39.47, -10.62).
Placed Cl- in complex at (6.17, -2.72, 28.96).
0: Placed Na+ in complex at (45.52, 58.33, 33.81).
Placed Cl- in complex at (66.50, -40.94, -12.79).
0: Placed Na+ in complex at (24.88, 60.96, -15.54).
Placed Cl- in complex at (-31.70, -21.54, 50.72).
0: Placed Na+ in complex at (-40.93, -2.46, -27.35).
Placed Cl- in complex at (7.02, 15.61, -45.08).
0: Placed Na+ in complex at (35.24, -45.06, 62.18).
Placed Cl- in complex at (24.22, 61.82, -33.86).
0: Placed Na+ in complex at (-22.40, -76.40, -17.92).
Placed Cl- in complex at (-30.38, -78.02, -12.86).
0: Placed Na+ in complex at (-40.02, 34.53, 52.03).
Placed Cl- in complex at (21.88, 6.94, 16.01).
0: Placed Na+ in complex at (32.90, -6.33, -82.15).
Placed Cl- in complex at (-37.92, 32.26, -16.43).
0: Placed Na+ in complex at (0.20, 22.27, 42.56).
Placed Cl- in complex at (-31.26, 32.85, 53.90).
0: Placed Na+ in complex at (-72.68, -8.03, -55.36).
Placed Cl- in complex at (10.18, -60.12, -60.61).
0: Placed Na+ in complex at (5.52, -25.07, 38.92).
Placed Cl- in complex at (-5.24, -29.67, -45.98).
0: Placed Na+ in complex at (-47.40, -6.24, -43.73).
Placed Cl- in complex at (15.50, 8.60, 59.22).
0: Placed Na+ in complex at (34.84, -34.55, -33.76).
Placed Cl- in complex at (55.22, -39.00, -15.14).
0: Placed Na+ in complex at (41.69, 10.79, 49.13).
Placed Cl- in complex at (-3.29, 78.41, -11.82).
0: Placed Na+ in complex at (47.12, 42.59, -11.36).
Placed Cl- in complex at (-49.31, 45.95, -56.70).
0: Placed Na+ in complex at (45.77, 72.44, -3.98).
Placed Cl- in complex at (-36.05, -17.44, 36.25).
0: Placed Na+ in complex at (1.72, -76.94, 31.87).
Placed Cl- in complex at (57.41, -39.10, 0.25).
0: Placed Na+ in complex at (-31.59, 38.39, -23.15).
Placed Cl- in complex at (-19.47, -5.23, -43.09).
0: Placed Na+ in complex at (-75.29, -35.43, 21.32).
Placed Cl- in complex at (23.29, 80.51, 19.55).
0: Placed Na+ in complex at (-41.38, -66.82, -33.22).
Placed Cl- in complex at (4.05, 37.93, -27.97).
0: Placed Na+ in complex at (64.16, 11.19, 42.88).
Placed Cl- in complex at (17.40, 51.34, -7.54).
0: Placed Na+ in complex at (-68.22, 24.31, -25.46).
Placed Cl- in complex at (59.39, 45.66, -21.91).
0: Placed Na+ in complex at (-42.34, -57.99, 28.67).
Placed Cl- in complex at (-4.28, -25.30, -34.09).
0: Placed Na+ in complex at (-29.62, -53.85, 15.94).
Placed Cl- in complex at (34.68, 80.79, 24.93).
0: Placed Na+ in complex at (22.39, 59.32, 38.50).
Placed Cl- in complex at (4.67, -75.72, -33.71).
0: Placed Na+ in complex at (-40.02, -11.46, -27.63).
Placed Cl- in complex at (4.72, -34.33, -5.53).
0: Placed Na+ in complex at (-68.32, 52.71, -6.96).
Placed Cl- in complex at (-17.26, -37.21, -50.53).
0: Placed Na+ in complex at (74.35, 21.29, -18.82).
Placed Cl- in complex at (18.39, 86.07, 28.01).
0: Placed Na+ in complex at (61.50, 55.12, 12.21).
Placed Cl- in complex at (68.98, 46.73, -4.27).
0: Placed Na+ in complex at (-15.91, -76.12, -33.60).
Placed Cl- in complex at (-52.49, 47.83, -10.76).
0: Placed Na+ in complex at (15.36, 57.02, 4.10).
Placed Cl- in complex at (43.22, -49.76, 4.21).
0: Placed Na+ in complex at (-35.04, -43.38, 7.68).
Placed Cl- in complex at (51.77, 7.62, -60.61).
0: Placed Na+ in complex at (15.68, 20.28, 44.04).
Placed Cl- in complex at (-27.76, 51.05, 48.51).
0: Placed Na+ in complex at (-55.74, 23.63, 42.64).
Placed Cl- in complex at (13.42, -29.27, 32.80).
0: Placed Na+ in complex at (23.76, 53.98, 6.54).
Placed Cl- in complex at (-10.11, -30.75, -54.01).
0: Placed Na+ in complex at (19.45, -41.73, -37.47).
Placed Cl- in complex at (-30.25, 40.88, 22.58).
0: Placed Na+ in complex at (-48.60, -9.06, 52.04).
Placed Cl- in complex at (-8.76, 53.98, 6.54).
0: Placed Na+ in complex at (64.94, 43.63, 26.72).
Placed Cl- in complex at (58.94, -25.94, 28.61).
0: Placed Na+ in complex at (-27.08, 1.60, -16.43).
Placed Cl- in complex at (66.76, -30.95, 31.87).
0: Placed Na+ in complex at (8.36, -63.02, -10.79).
Placed Cl- in complex at (-48.81, -29.12, 54.16).
0: Placed Na+ in complex at (-22.32, -40.40, 59.58).
Placed Cl- in complex at (-25.50, -53.37, 21.29).
0: Placed Na+ in complex at (64.84, 19.98, -30.00).
Placed Cl- in complex at (33.25, -38.41, -14.18).
0: Placed Na+ in complex at (-6.48, -28.01, 24.41).
Placed Cl- in complex at (-19.54, -62.69, -12.86).
0: Placed Na+ in complex at (10.79, 44.91, -9.61).
Placed Cl- in complex at (-45.89, -60.61, -27.48).
0: Placed Na+ in complex at (-29.47, 11.93, -50.39).
Placed Cl- in complex at (-4.04, -23.99, -37.42).
0: Placed Na+ in complex at (-54.83, 28.58, -59.90).
Placed Cl- in complex at (28.41, 21.53, -41.30).
0: Placed Na+ in complex at (28.65, 6.80, -25.31).
Placed Cl- in complex at (-14.54, -77.24, 17.56).
0: Placed Na+ in complex at (-4.04, 44.99, 2.40).
Placed Cl- in complex at (3.49, 44.35, 31.90).
0: Placed Na+ in complex at (39.82, 1.47, -54.16).
Placed Cl- in complex at (3.96, 6.32, -14.39).
0: Placed Na+ in complex at (-54.93, 5.81, 21.20).
Placed Cl- in complex at (-26.16, 27.81, 27.22).
0: Placed Na+ in complex at (72.34, 1.47, -54.16).
Placed Cl- in complex at (-32.83, 43.02, 4.40).
0: Placed Na+ in complex at (-62.87, -34.18, 38.20).
Placed Cl- in complex at (-1.25, 10.91, 24.34).
0: Placed Na+ in complex at (26.20, 3.37, -35.73).
Placed Cl- in complex at (-2.48, 13.62, 15.76).
0: Placed Na+ in complex at (-47.61, -33.40, -5.72).
Placed Cl- in complex at (-25.55, 45.13, 14.52).
0: Placed Na+ in complex at (1.66, 41.28, -49.60).
Placed Cl- in complex at (-60.20, 50.94, 17.49).
0: Placed Na+ in complex at (18.48, 42.95, -32.94).
Placed Cl- in complex at (54.42, -41.62, 2.72).
0: Placed Na+ in complex at (18.39, -51.89, -25.10).
Placed Cl- in complex at (38.12, -37.34, -32.71).
0: Placed Na+ in complex at (-35.09, -1.18, 73.28).
Placed Cl- in complex at (64.99, -39.40, 30.21).
0: Placed Na+ in complex at (-41.63, -46.28, 31.87).
Placed Cl- in complex at (55.86, -20.04, -49.60).
0: Placed Na+ in complex at (-56.32, -29.79, -24.75).
Placed Cl- in complex at (39.08, 13.02, 32.29).
0: Placed Na+ in complex at (-2.03, -27.75, 27.15).
Placed Cl- in complex at (46.63, -58.35, 3.73).
0: Placed Na+ in complex at (-49.67, 7.19, 13.65).
Placed Cl- in complex at (-13.06, 27.25, -50.75).
0: Placed Na+ in complex at (-16.48, -38.65, 44.47).
Placed Cl- in complex at (-41.38, 2.16, -19.95).
0: Placed Na+ in complex at (3.27, -27.69, -75.93).
Placed Cl- in complex at (-26.57, 8.36, 44.11).
0: Placed Na+ in complex at (-28.56, -16.67, 51.99).
Placed Cl- in complex at (-63.31, -7.96, -61.06).
0: Placed Na+ in complex at (44.38, 18.66, 55.22).
Placed Cl- in complex at (-2.22, -72.39, -37.47).
0: Placed Na+ in complex at (5.60, -37.34, -32.71).
Placed Cl- in complex at (23.53, -40.67, 62.39).
0: Placed Na+ in complex at (-6.12, 19.33, -45.35).
Placed Cl- in complex at (-5.73, -51.07, 3.40).
0: Placed Na+ in complex at (-55.59, 7.67, -71.18).
Placed Cl- in complex at (42.21, 42.01, -14.90).
0: Placed Na+ in complex at (-65.13, 20.64, -39.65).
Placed Cl- in complex at (-13.67, -23.72, 51.45).
0: Placed Na+ in complex at (21.88, -16.06, -23.82).
Placed Cl- in complex at (-66.19, -19.30, 11.66).
0: Placed Na+ in complex at (-60.35, 41.41, -1.65).
Placed Cl- in complex at (15.38, 5.58, -58.35).
0: Placed Na+ in complex at (0.64, -28.35, 40.11).
Placed Cl- in complex at (-56.42, 11.92, 55.45).
0: Placed Na+ in complex at (-16.29, -29.12, 54.16).
Placed Cl- in complex at (-34.64, 46.85, -24.75).
0: Placed Na+ in complex at (-48.67, -32.74, 25.64).
Placed Cl- in complex at (-23.69, 49.09, 48.42).
0: Placed Na+ in complex at (74.21, -12.21, 35.85).
Placed Cl- in complex at (-33.77, 33.91, 11.06).
0: Placed Na+ in complex at (-24.25, -77.83, -6.37).
Placed Cl- in complex at (50.92, -8.61, -60.06).
0: Placed Na+ in complex at (20.40, -34.06, 72.05).
Placed Cl- in complex at (46.48, -55.33, -30.20).
0: Placed Na+ in complex at (-18.96, 62.24, 35.63).
Placed Cl- in complex at (37.64, 7.50, -65.22).
0: Placed Na+ in complex at (-5.43, -6.62, 85.71).
Placed Cl- in complex at (-24.66, 29.75, 18.34).
0: Placed Na+ in complex at (3.38, 69.43, -14.34).
Placed Cl- in complex at (-48.79, -21.95, -47.04).
0: Placed Na+ in complex at (-57.00, 33.70, -33.55).
Placed Cl- in complex at (48.94, -1.33, -64.40).
0: Placed Na+ in complex at (51.22, -25.39, 38.12).
Placed Cl- in complex at (-63.18, 43.64, 22.57).
0: Placed Na+ in complex at (-50.10, 18.96, -67.92).
Placed Cl- in complex at (71.20, 13.87, 22.15).
0: Placed Na+ in complex at (-28.58, 23.73, 35.55).
Placed Cl- in complex at (45.56, -5.23, -43.09).
0: Placed Na+ in complex at (59.37, 33.13, -37.25).
Placed Cl- in complex at (-18.43, 47.14, 29.21).
Placed Cl- in complex at (16.22, -54.84, 21.35).
Placed Cl- in complex at (18.48, -26.03, 6.89).
Placed Cl- in complex at (30.61, -15.78, -53.17).
Placed Cl- in complex at (-46.54, -60.00, -38.74).
Placed Cl- in complex at (56.61, -50.19, 22.57).
Placed Cl- in complex at (-32.80, -59.22, -20.93).
Placed Cl- in complex at (-24.53, 48.60, 45.70).
Placed Cl- in complex at (15.66, 3.91, 57.98).
Placed Cl- in complex at (28.82, -32.11, 48.91).
Placed Cl- in complex at (-30.54, 40.49, -33.22).
Placed Cl- in complex at (-19.98, -41.14, -32.66).
Placed Cl- in complex at (-36.54, 52.42, -16.51).
> 
> # Save everything
> 
> savepdb complex 7jx3_s309_out.pdb
Writing pdb file: 7jx3_s309_out.pdb
   printing CRYST1 record to PDB file with box info

/home/zhangi/miniconda3/envs/ambertools20_new/bin/teLeap: Warning!
 Converting N-terminal residue name to PDB format: NGLN -> GLN

/home/zhangi/miniconda3/envs/ambertools20_new/bin/teLeap: Warning!
 Converting N-terminal residue name to PDB format: NGLU -> GLU
> 
> saveamberparm complex 7jx3_s309.prmtop 7jx3_s309.inpcrd #  Save AMBER topology and coordinate files
Checking Unit.
Building topology.
Building atom parameters.
Building bond parameters.
Building angle parameters.
Building proper torsion parameters.
Building improper torsion parameters.
 total 2047 improper torsions applied
Building H-Bond parameters.
Incorporating Non-Bonded adjustments.
Not Marking per-residue atom chain types.
Marking per-residue atom chain types.
  (Residues lacking connect0/connect1 - 
   these don't have chain types marked:

	res	total affected

	NGLN	1
	NGLU	1
	WAT	82336
  )
 (no restraints)
> 
> quit #  Quit tleap program
	Quit

Exiting LEaP: Errors = 0; Warnings = 2; Notes = 0.
